#! /c/Source/iverilog-install/bin/vvp
:ivl_version "12.0 (devel)" "(s20150603-1539-g2693dd32b)";
:ivl_delay_selection "TYPICAL";
:vpi_time_precision + 0;
:vpi_module "C:\iverilog\lib\ivl\system.vpi";
:vpi_module "C:\iverilog\lib\ivl\vhdl_sys.vpi";
:vpi_module "C:\iverilog\lib\ivl\vhdl_textio.vpi";
:vpi_module "C:\iverilog\lib\ivl\v2005_math.vpi";
:vpi_module "C:\iverilog\lib\ivl\va_math.vpi";
S_000001c5e2d35540 .scope module, "tb" "tb" 2 1;
 .timescale 0 0;
v000001c5e2cec300_0 .var "a", 3 0;
v000001c5e2cec3a0_0 .var "b", 3 0;
v000001c5e2cec440_0 .net "sum", 4 0, L_000001c5e2d345f0;  1 drivers
S_000001c5e2d356d0 .scope module, "uut" "adder" 2 10, 3 1 0, S_000001c5e2d35540;
 .timescale 0 0;
    .port_info 0 /INPUT 4 "a";
    .port_info 1 /INPUT 4 "b";
    .port_info 2 /OUTPUT 5 "sum";
v000001c5e2d034b0_0 .net *"_ivl_0", 4 0, L_000001c5e2cec4e0;  1 drivers
L_000001c5e2d7b828 .functor BUFT 1, C4<0>, C4<0>, C4<0>, C4<0>;
v000001c5e2d030e0_0 .net *"_ivl_3", 0 0, L_000001c5e2d7b828;  1 drivers
v000001c5e2d03840_0 .net *"_ivl_4", 4 0, L_000001c5e2cec580;  1 drivers
L_000001c5e2d7b870 .functor BUFT 1, C4<0>, C4<0>, C4<0>, C4<0>;
v000001c5e2cea030_0 .net *"_ivl_7", 0 0, L_000001c5e2d7b870;  1 drivers
v000001c5e2cea0d0_0 .net "a", 3 0, v000001c5e2cec300_0;  1 drivers
v000001c5e2d35860_0 .net "b", 3 0, v000001c5e2cec3a0_0;  1 drivers
v000001c5e2d35900_0 .net "sum", 4 0, L_000001c5e2d345f0;  alias, 1 drivers
L_000001c5e2cec4e0 .concat [ 4 1 0 0], v000001c5e2cec300_0, L_000001c5e2d7b828;
L_000001c5e2cec580 .concat [ 4 1 0 0], v000001c5e2cec3a0_0, L_000001c5e2d7b870;
L_000001c5e2d345f0 .arith/sum 5, L_000001c5e2cec4e0, L_000001c5e2cec580;
    .scope S_000001c5e2d35540;
T_0 ;
    %vpi_call 2 18 "$dumpfile", "output.vcd" {0 0 0};
    %vpi_call 2 19 "$dumpvars", 32'sb00000000000000000000000000000000, S_000001c5e2d35540 {0 0 0};
    %pushi/vec4 3, 0, 4;
    %store/vec4 v000001c5e2cec300_0, 0, 4;
    %pushi/vec4 5, 0, 4;
    %store/vec4 v000001c5e2cec3a0_0, 0, 4;
    %delay 10, 0;
    %pushi/vec4 7, 0, 4;
    %store/vec4 v000001c5e2cec300_0, 0, 4;
    %pushi/vec4 8, 0, 4;
    %store/vec4 v000001c5e2cec3a0_0, 0, 4;
    %delay 10, 0;
    %pushi/vec4 15, 0, 4;
    %store/vec4 v000001c5e2cec300_0, 0, 4;
    %pushi/vec4 1, 0, 4;
    %store/vec4 v000001c5e2cec3a0_0, 0, 4;
    %delay 10, 0;
    %vpi_call 2 27 "$finish" {0 0 0};
    %end;
    .thread T_0;
# The file index is used to find the file name in the following table.
:file_names 4;
    "N/A";
    "<interactive>";
    "testbench.v";
    "module.v";
